# JRE version: Java(TM) SE Runtime Environment (8.0_45-b15) (build 1.8.0_45-b15)
# Java VM: Java HotSpot(TM) 64-Bit Server VM (25.45-b02 mixed mode windows-amd64 compressed oops)
Heap:
 PSYoungGen      total 266752K, used 217290K [0x000000076b300000, 0x000000077bc80000, 0x00000007c0000000)
  eden space 261632K, 81% used [0x000000076b300000,0x0000000778432a20,0x000000077b280000)
  from space 5120K, 60% used [0x000000077b780000,0x000000077ba80010,0x000000077bc80000)
  to   space 5120K, 0% used [0x000000077b280000,0x000000077b280000,0x000000077b780000)
 ParOldGen       total 236032K, used 163490K [0x00000006c1800000, 0x00000006cfe80000, 0x000000076b300000)
  object space 236032K, 69% used [0x00000006c1800000,0x00000006cb7a8ae0,0x00000006cfe80000)
 Metaspace       used 45111K, capacity 48298K, committed 48680K, reserved 1091584K
  class space    used 6176K, capacity 6796K, committed 6952K, reserved 1048576K
GC Heap History (10 events):
Event: 19148.831 GC heap before
{Heap before GC invocations=4865 (full 5):
 PSYoungGen      total 264704K, used 262304K [0x000000076b300000, 0x000000077ba80000, 0x00000007c0000000)
  eden space 260096K, 100% used [0x000000076b300000,0x000000077b100000,0x000000077b100000)
  from space 4608K, 47% used [0x000000077b100000,0x000000077b328010,0x000000077b580000)
  to   space 4608K, 0% used [0x000000077b600000,0x000000077b600000,0x000000077ba80000)
 ParOldGen       total 236032K, used 163482K [0x00000006c1800000, 0x00000006cfe80000, 0x000000076b300000)
  object space 236032K, 69% used [0x00000006c1800000,0x00000006cb7a6ae0,0x00000006cfe80000)
 Metaspace       used 45021K, capacity 48202K, committed 48552K, reserved 1091584K
  class space    used 6166K, capacity 6764K, committed 6824K, reserved 1048576K
Event: 19148.834 GC heap after
Heap after GC invocations=4865 (full 5):
 PSYoungGen      total 265216K, used 2560K [0x000000076b300000, 0x000000077ba80000, 0x00000007c0000000)
  eden space 260608K, 0% used [0x000000076b300000,0x000000076b300000,0x000000077b180000)
  from space 4608K, 55% used [0x000000077b600000,0x000000077b880010,0x000000077ba80000)
  to   space 4608K, 0% used [0x000000077b180000,0x000000077b180000,0x000000077b600000)
 ParOldGen       total 236032K, used 163482K [0x00000006c1800000, 0x00000006cfe80000, 0x000000076b300000)
  object space 236032K, 69% used [0x00000006c1800000,0x00000006cb7a6ae0,0x00000006cfe80000)
 Metaspace       used 45021K, capacity 48202K, committed 48552K, reserved 1091584K
  class space    used 6166K, capacity 6764K, committed 6824K, reserved 1048576K
}
Event: 19170.315 GC heap before
{Heap before GC invocations=4866 (full 5):
 PSYoungGen      total 265216K, used 263168K [0x000000076b300000, 0x000000077ba80000, 0x00000007c0000000)
  eden space 260608K, 100% used [0x000000076b300000,0x000000077b180000,0x000000077b180000)
  from space 4608K, 55% used [0x000000077b600000,0x000000077b880010,0x000000077ba80000)
  to   space 4608K, 0% used [0x000000077b180000,0x000000077b180000,0x000000077b600000)
 ParOldGen       total 236032K, used 163482K [0x00000006c1800000, 0x00000006cfe80000, 0x000000076b300000)
  object space 236032K, 69% used [0x00000006c1800000,0x00000006cb7a6ae0,0x00000006cfe80000)
 Metaspace       used 45021K, capacity 48202K, committed 48552K, reserved 1091584K
  class space    used 6166K, capacity 6764K, committed 6824K, reserved 1048576K
Event: 19170.318 GC heap after
Heap after GC invocations=4866 (full 5):
 PSYoungGen      total 265216K, used 2816K [0x000000076b300000, 0x000000077bb00000, 0x00000007c0000000)
  eden space 260608K, 0% used [0x000000076b300000,0x000000076b300000,0x000000077b180000)
  from space 4608K, 61% used [0x000000077b180000,0x000000077b440010,0x000000077b600000)
  to   space 4608K, 0% used [0x000000077b680000,0x000000077b680000,0x000000077bb00000)
 ParOldGen       total 236032K, used 163482K [0x00000006c1800000, 0x00000006cfe80000, 0x000000076b300000)
  object space 236032K, 69% used [0x00000006c1800000,0x00000006cb7a6ae0,0x00000006cfe80000)
 Metaspace       used 45021K, capacity 48202K, committed 48552K, reserved 1091584K
  class space    used 6166K, capacity 6764K, committed 6824K, reserved 1048576K
}
Event: 19192.222 GC heap before
{Heap before GC invocations=4867 (full 5):
 PSYoungGen      total 265216K, used 263424K [0x000000076b300000, 0x000000077bb00000, 0x00000007c0000000)
  eden space 260608K, 100% used [0x000000076b300000,0x000000077b180000,0x000000077b180000)
  from space 4608K, 61% used [0x000000077b180000,0x000000077b440010,0x000000077b600000)
  to   space 4608K, 0% used [0x000000077b680000,0x000000077b680000,0x000000077bb00000)
 ParOldGen       total 236032K, used 163482K [0x00000006c1800000, 0x00000006cfe80000, 0x000000076b300000)
  object space 236032K, 69% used [0x00000006c1800000,0x00000006cb7a6ae0,0x00000006cfe80000)
 Metaspace       used 45021K, capacity 48202K, committed 48552K, reserved 1091584K
  class space    used 6166K, capacity 6764K, committed 6824K, reserved 1048576K
Event: 19192.225 GC heap after
Heap after GC invocations=4867 (full 5):
 PSYoungGen      total 265728K, used 2944K [0x000000076b300000, 0x000000077bb00000, 0x00000007c0000000)
  eden space 261120K, 0% used [0x000000076b300000,0x000000076b300000,0x000000077b200000)
  from space 4608K, 63% used [0x000000077b680000,0x000000077b960010,0x000000077bb00000)
  to   space 4608K, 0% used [0x000000077b200000,0x000000077b200000,0x000000077b680000)
 ParOldGen       total 236032K, used 163482K [0x00000006c1800000, 0x00000006cfe80000, 0x000000076b300000)
  object space 236032K, 69% used [0x00000006c1800000,0x00000006cb7a6ae0,0x00000006cfe80000)
 Metaspace       used 45021K, capacity 48202K, committed 48552K, reserved 1091584K
  class space    used 6166K, capacity 6764K, committed 6824K, reserved 1048576K
}
Event: 19211.767 GC heap before
{Heap before GC invocations=4868 (full 5):
 PSYoungGen      total 265728K, used 264064K [0x000000076b300000, 0x000000077bb00000, 0x00000007c0000000)
  eden space 261120K, 100% used [0x000000076b300000,0x000000077b200000,0x000000077b200000)
  from space 4608K, 63% used [0x000000077b680000,0x000000077b960010,0x000000077bb00000)
  to   space 4608K, 0% used [0x000000077b200000,0x000000077b200000,0x000000077b680000)
 ParOldGen       total 236032K, used 163482K [0x00000006c1800000, 0x00000006cfe80000, 0x000000076b300000)
  object space 236032K, 69% used [0x00000006c1800000,0x00000006cb7a6ae0,0x00000006cfe80000)
 Metaspace       used 45021K, capacity 48202K, committed 48552K, reserved 1091584K
  class space    used 6166K, capacity 6764K, committed 6824K, reserved 1048576K
Event: 19211.769 GC heap after
Heap after GC invocations=4868 (full 5):
 PSYoungGen      total 265728K, used 3952K [0x000000076b300000, 0x000000077bc80000, 0x00000007c0000000)
  eden space 261120K, 0% used [0x000000076b300000,0x000000076b300000,0x000000077b200000)
  from space 4608K, 85% used [0x000000077b200000,0x000000077b5dc020,0x000000077b680000)
  to   space 5120K, 0% used [0x000000077b780000,0x000000077b780000,0x000000077bc80000)
 ParOldGen       total 236032K, used 163482K [0x00000006c1800000, 0x00000006cfe80000, 0x000000076b300000)
  object space 236032K, 69% used [0x00000006c1800000,0x00000006cb7a6ae0,0x00000006cfe80000)
 Metaspace       used 45021K, capacity 48202K, committed 48552K, reserved 1091584K
  class space    used 6166K, capacity 6764K, committed 6824K, reserved 1048576K
}
Event: 19232.572 GC heap before
{Heap before GC invocations=4869 (full 5):
 PSYoungGen      total 265728K, used 265072K [0x000000076b300000, 0x000000077bc80000, 0x00000007c0000000)
  eden space 261120K, 100% used [0x000000076b300000,0x000000077b200000,0x000000077b200000)
  from space 4608K, 85% used [0x000000077b200000,0x000000077b5dc020,0x000000077b680000)
  to   space 5120K, 0% used [0x000000077b780000,0x000000077b780000,0x000000077bc80000)
 ParOldGen       total 236032K, used 163482K [0x00000006c1800000, 0x00000006cfe80000, 0x000000076b300000)
  object space 236032K, 69% used [0x00000006c1800000,0x00000006cb7a6ae0,0x00000006cfe80000)
 Metaspace       used 45021K, capacity 48202K, committed 48552K, reserved 1091584K
  class space    used 6166K, capacity 6764K, committed 6824K, reserved 1048576K
Event: 19232.574 GC heap after
Heap after GC invocations=4869 (full 5):
 PSYoungGen      total 266752K, used 3072K [0x000000076b300000, 0x000000077bc80000, 0x00000007c0000000)
  eden space 261632K, 0% used [0x000000076b300000,0x000000076b300000,0x000000077b280000)
  from space 5120K, 60% used [0x000000077b780000,0x000000077ba80010,0x000000077bc80000)
  to   space 5120K, 0% used [0x000000077b280000,0x000000077b280000,0x000000077b780000)
 ParOldGen       total 236032K, used 163490K [0x00000006c1800000, 0x00000006cfe80000, 0x000000076b300000)
  object space 236032K, 69% used [0x00000006c1800000,0x00000006cb7a8ae0,0x00000006cfe80000)
 Metaspace       used 45021K, capacity 48202K, committed 48552K, reserved 1091584K
  class space    used 6166K, capacity 6764K, committed 6824K, reserved 1048576K
}

