# JRE version: Java(TM) SE Runtime Environment (8.0_45-b15) (build 1.8.0_45-b15)
# Java VM: Java HotSpot(TM) 64-Bit Server VM (25.45-b02 mixed mode windows-amd64 compressed oops)
Heap:
 PSYoungGen      total 67584K, used 1504K [0x000000076b300000, 0x0000000770480000, 0x00000007c0000000)
  eden space 54784K, 0% used [0x000000076b300000,0x000000076b300000,0x000000076e880000)
  from space 12800K, 11% used [0x000000076e880000,0x000000076e9f8000,0x000000076f500000)
  to   space 13824K, 0% used [0x000000076f700000,0x000000076f700000,0x0000000770480000)
 ParOldGen       total 177664K, used 150538K [0x00000006c1800000, 0x00000006cc580000, 0x000000076b300000)
  object space 177664K, 84% used [0x00000006c1800000,0x00000006cab02ba0,0x00000006cc580000)
 Metaspace       used 52066K, capacity 61716K, committed 61864K, reserved 1101824K
  class space    used 7238K, capacity 10062K, committed 10152K, reserved 1048576K
GC Heap History (10 events):
Event: 23601.430 GC heap after
Heap after GC invocations=12991 (full 60):
 PSYoungGen      total 67584K, used 7520K [0x000000076b300000, 0x0000000770200000, 0x00000007c0000000)
  eden space 53760K, 0% used [0x000000076b300000,0x000000076b300000,0x000000076e780000)
  from space 13824K, 54% used [0x000000076e780000,0x000000076eed8020,0x000000076f500000)
  to   space 13312K, 0% used [0x000000076f500000,0x000000076f500000,0x0000000770200000)
 ParOldGen       total 177664K, used 149354K [0x00000006c1800000, 0x00000006cc580000, 0x000000076b300000)
  object space 177664K, 84% used [0x00000006c1800000,0x00000006ca9daba0,0x00000006cc580000)
 Metaspace       used 52064K, capacity 61710K, committed 61864K, reserved 1101824K
  class space    used 7237K, capacity 10060K, committed 10152K, reserved 1048576K
}
Event: 23605.701 GC heap before
{Heap before GC invocations=12992 (full 60):
 PSYoungGen      total 67584K, used 61280K [0x000000076b300000, 0x0000000770200000, 0x00000007c0000000)
  eden space 53760K, 100% used [0x000000076b300000,0x000000076e780000,0x000000076e780000)
  from space 13824K, 54% used [0x000000076e780000,0x000000076eed8020,0x000000076f500000)
  to   space 13312K, 0% used [0x000000076f500000,0x000000076f500000,0x0000000770200000)
 ParOldGen       total 177664K, used 149354K [0x00000006c1800000, 0x00000006cc580000, 0x000000076b300000)
  object space 177664K, 84% used [0x00000006c1800000,0x00000006ca9daba0,0x00000006cc580000)
 Metaspace       used 52064K, capacity 61710K, committed 61864K, reserved 1101824K
  class space    used 7237K, capacity 10060K, committed 10152K, reserved 1048576K
Event: 23605.705 GC heap after
Heap after GC invocations=12992 (full 60):
 PSYoungGen      total 66560K, used 8064K [0x000000076b300000, 0x0000000770100000, 0x00000007c0000000)
  eden space 54272K, 0% used [0x000000076b300000,0x000000076b300000,0x000000076e800000)
  from space 12288K, 65% used [0x000000076f500000,0x000000076fce0030,0x0000000770100000)
  to   space 12800K, 0% used [0x000000076e800000,0x000000076e800000,0x000000076f480000)
 ParOldGen       total 177664K, used 149354K [0x00000006c1800000, 0x00000006cc580000, 0x000000076b300000)
  object space 177664K, 84% used [0x00000006c1800000,0x00000006ca9daba0,0x00000006cc580000)
 Metaspace       used 52064K, capacity 61710K, committed 61864K, reserved 1101824K
  class space    used 7237K, capacity 10060K, committed 10152K, reserved 1048576K
}
Event: 23610.025 GC heap before
{Heap before GC invocations=12993 (full 60):
 PSYoungGen      total 66560K, used 62336K [0x000000076b300000, 0x0000000770100000, 0x00000007c0000000)
  eden space 54272K, 100% used [0x000000076b300000,0x000000076e800000,0x000000076e800000)
  from space 12288K, 65% used [0x000000076f500000,0x000000076fce0030,0x0000000770100000)
  to   space 12800K, 0% used [0x000000076e800000,0x000000076e800000,0x000000076f480000)
 ParOldGen       total 177664K, used 149354K [0x00000006c1800000, 0x00000006cc580000, 0x000000076b300000)
  object space 177664K, 84% used [0x00000006c1800000,0x00000006ca9daba0,0x00000006cc580000)
 Metaspace       used 52064K, capacity 61710K, committed 61864K, reserved 1101824K
  class space    used 7237K, capacity 10060K, committed 10152K, reserved 1048576K
Event: 23610.029 GC heap after
Heap after GC invocations=12993 (full 60):
 PSYoungGen      total 67072K, used 8800K [0x000000076b300000, 0x0000000770180000, 0x00000007c0000000)
  eden space 54272K, 0% used [0x000000076b300000,0x000000076b300000,0x000000076e800000)
  from space 12800K, 68% used [0x000000076e800000,0x000000076f098030,0x000000076f480000)
  to   space 12800K, 0% used [0x000000076f500000,0x000000076f500000,0x0000000770180000)
 ParOldGen       total 177664K, used 149354K [0x00000006c1800000, 0x00000006cc580000, 0x000000076b300000)
  object space 177664K, 84% used [0x00000006c1800000,0x00000006ca9daba0,0x00000006cc580000)
 Metaspace       used 52064K, capacity 61710K, committed 61864K, reserved 1101824K
  class space    used 7237K, capacity 10060K, committed 10152K, reserved 1048576K
}
Event: 23615.118 GC heap before
{Heap before GC invocations=12994 (full 60):
 PSYoungGen      total 67072K, used 63072K [0x000000076b300000, 0x0000000770180000, 0x00000007c0000000)
  eden space 54272K, 100% used [0x000000076b300000,0x000000076e800000,0x000000076e800000)
  from space 12800K, 68% used [0x000000076e800000,0x000000076f098030,0x000000076f480000)
  to   space 12800K, 0% used [0x000000076f500000,0x000000076f500000,0x0000000770180000)
 ParOldGen       total 177664K, used 149354K [0x00000006c1800000, 0x00000006cc580000, 0x000000076b300000)
  object space 177664K, 84% used [0x00000006c1800000,0x00000006ca9daba0,0x00000006cc580000)
 Metaspace       used 52064K, capacity 61710K, committed 61864K, reserved 1101824K
  class space    used 7237K, capacity 10060K, committed 10152K, reserved 1048576K
Event: 23615.327 GC heap after
Heap after GC invocations=12994 (full 60):
 PSYoungGen      total 67584K, used 9408K [0x000000076b300000, 0x0000000770280000, 0x00000007c0000000)
  eden space 54784K, 0% used [0x000000076b300000,0x000000076b300000,0x000000076e880000)
  from space 12800K, 73% used [0x000000076f500000,0x000000076fe30030,0x0000000770180000)
  to   space 12800K, 0% used [0x000000076e880000,0x000000076e880000,0x000000076f500000)
 ParOldGen       total 177664K, used 149354K [0x00000006c1800000, 0x00000006cc580000, 0x000000076b300000)
  object space 177664K, 84% used [0x00000006c1800000,0x00000006ca9daba0,0x00000006cc580000)
 Metaspace       used 52064K, capacity 61710K, committed 61864K, reserved 1101824K
  class space    used 7237K, capacity 10060K, committed 10152K, reserved 1048576K
}
Event: 23618.674 GC heap before
{Heap before GC invocations=12995 (full 60):
 PSYoungGen      total 67584K, used 47310K [0x000000076b300000, 0x0000000770280000, 0x00000007c0000000)
  eden space 54784K, 69% used [0x000000076b300000,0x000000076d803840,0x000000076e880000)
  from space 12800K, 73% used [0x000000076f500000,0x000000076fe30030,0x0000000770180000)
  to   space 12800K, 0% used [0x000000076e880000,0x000000076e880000,0x000000076f500000)
 ParOldGen       total 177664K, used 149354K [0x00000006c1800000, 0x00000006cc580000, 0x000000076b300000)
  object space 177664K, 84% used [0x00000006c1800000,0x00000006ca9daba0,0x00000006cc580000)
 Metaspace       used 52066K, capacity 61716K, committed 61864K, reserved 1101824K
  class space    used 7238K, capacity 10062K, committed 10152K, reserved 1048576K
Event: 23618.688 GC heap after
Heap after GC invocations=12995 (full 60):
 PSYoungGen      total 67584K, used 1504K [0x000000076b300000, 0x0000000770480000, 0x00000007c0000000)
  eden space 54784K, 0% used [0x000000076b300000,0x000000076b300000,0x000000076e880000)
  from space 12800K, 11% used [0x000000076e880000,0x000000076e9f8000,0x000000076f500000)
  to   space 13824K, 0% used [0x000000076f700000,0x000000076f700000,0x0000000770480000)
 ParOldGen       total 177664K, used 150538K [0x00000006c1800000, 0x00000006cc580000, 0x000000076b300000)
  object space 177664K, 84% used [0x00000006c1800000,0x00000006cab02ba0,0x00000006cc580000)
 Metaspace       used 52066K, capacity 61716K, committed 61864K, reserved 1101824K
  class space    used 7238K, capacity 10062K, committed 10152K, reserved 1048576K
}
Event: 23618.688 GC heap before
{Heap before GC invocations=12996 (full 61):
 PSYoungGen      total 67584K, used 1504K [0x000000076b300000, 0x0000000770480000, 0x00000007c0000000)
  eden space 54784K, 0% used [0x000000076b300000,0x000000076b300000,0x000000076e880000)
  from space 12800K, 11% used [0x000000076e880000,0x000000076e9f8000,0x000000076f500000)
  to   space 13824K, 0% used [0x000000076f700000,0x000000076f700000,0x0000000770480000)
 ParOldGen       total 177664K, used 150538K [0x00000006c1800000, 0x00000006cc580000, 0x000000076b300000)
  object space 177664K, 84% used [0x00000006c1800000,0x00000006cab02ba0,0x00000006cc580000)
 Metaspace       used 52066K, capacity 61716K, committed 61864K, reserved 1101824K
  class space    used 7238K, capacity 10062K, committed 10152K, reserved 1048576K

